<?xml version="1.0" encoding="UTF-8" ?>
<testsuite errors="2" failures="0" hostname="nycpusagolube.local" name="library.RequestQuoteFirefox" tests="1" time="39.78" timestamp="2014-05-15T20:40:02">
  <properties>
[...]
</properties>
  <testcase classname="library.RequestQuoteFirefox" name="searchGoogle" time="39.675">
    <error message="Error communicating with the remote browser. It may have died.&#xa;Build info: version: &apos;2.41.0&apos;, revision: &apos;3192d8a&apos;, time: &apos;2014-03-27 17:17:32&apos;&#xa;System info: host: &apos;663131IE9-93-73&apos;, ip: &apos;5.255.93.73&apos;, os.name: &apos;windows&apos;, os.arch: &apos;x86&apos;, os.version: &apos;6.0&apos;, java.version: &apos;1.7.0_51&apos;&#xa;Driver info: driver.version: FirefoxDriver&#xa;Command duration or timeout: 1.10 seconds&#xa;Build info: version: &apos;2.37.0&apos;, revision: &apos;a7c61cb&apos;, time: &apos;2013-10-18 17:14:21&apos;&#xa;System info: host: &apos;nycpusagolube.local&apos;, ip: &apos;10.6.12.50&apos;, os.name: &apos;Mac OS X&apos;, os.arch: &apos;x86_64&apos;, os.version: &apos;10.8.5&apos;, java.version: &apos;1.6.0_51&apos;&#xa;Session ID: 4c11ee5d7c83b7e4821cac48bd5c7aa8614b0cf7&#xa;Driver info: org.openqa.selenium.remote.RemoteWebDriver&#xa;Capabilities [{platform=XP, javascriptEnabled=true, acceptSslCerts=false, browserName=firefox, rotatable=false, locationContextEnabled=true, webdriver.remote.sessionid=4c11ee5d7c83b7e4821cac48bd5c7aa8614b0cf7, version=22.0, databaseEnabled=true, cssSelectorsEnabled=true, handlesAlerts=true, browserConnectionEnabled=true, webStorageEnabled=true, nativeEvents=false, applicationCacheEnabled=true, takesScreenshot=true}]" type="org.openqa.selenium.WebDriverException">org.openqa.selenium.WebDriverException: Error communicating with the remote browser. It may have died.
Build info: version: &apos;2.41.0&apos;, revision: &apos;3192d8a&apos;, time: &apos;2014-03-27 17:17:32&apos;
System info: host: &apos;663131IE9-93-73&apos;, ip: &apos;5.255.93.73&apos;, os.name: &apos;windows&apos;, os.arch: &apos;x86&apos;, os.version: &apos;6.0&apos;, java.version: &apos;1.7.0_51&apos;
Driver info: driver.version: FirefoxDriver
Command duration or timeout: 1.10 seconds
Build info: version: &apos;2.37.0&apos;, revision: &apos;a7c61cb&apos;, time: &apos;2013-10-18 17:14:21&apos;
System info: host: &apos;nycpusagolube.local&apos;, ip: &apos;10.6.12.50&apos;, os.name: &apos;Mac OS X&apos;, os.arch: &apos;x86_64&apos;, os.version: &apos;10.8.5&apos;, java.version: &apos;1.6.0_51&apos;
Session ID: 4c11ee5d7c83b7e4821cac48bd5c7aa8614b0cf7
Driver info: org.openqa.selenium.remote.RemoteWebDriver
Capabilities [{platform=XP, javascriptEnabled=true, acceptSslCerts=false, browserName=firefox, rotatable=false, locationContextEnabled=true, webdriver.remote.sessionid=4c11ee5d7c83b7e4821cac48bd5c7aa8614b0cf7, version=22.0, databaseEnabled=true, cssSelectorsEnabled=true, handlesAlerts=true, browserConnectionEnabled=true, webStorageEnabled=true, nativeEvents=false, applicationCacheEnabled=true, takesScreenshot=true}]
	at java.lang.reflect.Constructor.newInstance(Constructor.java:513)
	at org.openqa.selenium.remote.ErrorHandler.createThrowable(ErrorHandler.java:193)
	at org.openqa.selenium.remote.ErrorHandler.throwIfResponseFailed(ErrorHandler.java:145)
	at org.openqa.selenium.remote.RemoteWebDriver.execute(RemoteWebDriver.java:554)
	at org.openqa.selenium.remote.RemoteWebDriver.execute(RemoteWebDriver.java:569)
	at org.openqa.selenium.remote.RemoteExecuteMethod.execute(RemoteExecuteMethod.java:32)
	at org.openqa.selenium.remote.AddTakesScreenshot$1.invoke(AddTakesScreenshot.java:36)
	at org.openqa.selenium.remote.Augmenter$CompoundHandler.intercept(Augmenter.java:286)
	at org.openqa.selenium.remote.RemoteWebDriver$$EnhancerByCGLIB$$bc2956a9.getScreenshotAs(&lt;generated&gt;)
	at library.RequestQuoteFirefox.searchGoogle(RequestQuoteFirefox.java:125)
Caused by: org.openqa.selenium.remote.UnreachableBrowserException: Error communicating with the remote browser. It may have died.
Build info: version: &apos;2.41.0&apos;, revision: &apos;3192d8a&apos;, time: &apos;2014-03-27 17:17:32&apos;
System info: host: &apos;663131IE9-93-73&apos;, ip: &apos;5.255.93.73&apos;, os.name: &apos;windows&apos;, os.arch: &apos;x86&apos;, os.version: &apos;6.0&apos;, java.version: &apos;1.7.0_51&apos;
Driver info: driver.version: FirefoxDriver
Build info: version: &apos;2.37.0&apos;, revision: &apos;a7c61cb&apos;, time: &apos;2013-10-18 17:14:21&apos;
System info: host: &apos;nycpusagolube.local&apos;, ip: &apos;10.6.12.50&apos;, os.name: &apos;Mac OS X&apos;, os.arch: &apos;x86_64&apos;, os.version: &apos;10.8.5&apos;, java.version: &apos;1.6.0_51&apos;
Driver info: driver.version: FirefoxDriver
	at org.openqa.selenium.remote.RemoteWebDriver.execute(RemoteWebDriver.java:589)
	at org.openqa.selenium.remote.RemoteWebDriver.execute(RemoteWebDriver.java:610)
	at org.openqa.selenium.firefox.FirefoxDriver.getScreenshotAs(FirefoxDriver.java:323)
	at org.openqa.selenium.remote.server.handler.CaptureScreenshot.call(CaptureScreenshot.java:35)
	at org.openqa.selenium.remote.server.handler.CaptureScreenshot.call(CaptureScreenshot.java:1)
	at java.util.concurrent.FutureTask.run(Unknown Source)
	at org.openqa.selenium.remote.server.DefaultSession$1.run(DefaultSession.java:170)
	at java.util.concurrent.ThreadPoolExecutor.runWorker(Unknown Source)
	at java.util.concurrent.ThreadPoolExecutor$Worker.run(Unknown Source)
	at java.lang.Thread.run(Unknown Source)
</error>
    <error type="java.lang.NullPointerException">java.lang.NullPointerException
	at library.RequestQuoteFirefox.tearDown(RequestQuoteFirefox.java:147)
</error>
  </testcase>
  <system-out><![CDATA[Faield to find the button 1
Faield to find the button http://dev.trihonda.pkt-tech.com/vehicles/details?modelId=9&trimId=262
Faield to find the button 2
Faield to find the button http://dev.trihonda.pkt-tech.com/vehicles/details?modelId=6&trimId=72
Faield to find the button 3
Faield to find the button http://dev.trihonda.pkt-tech.com/vehicles/details?modelId=9&trimId=263
Faield to find the button 4
Faield to find the button http://dev.trihonda.pkt-tech.com/vehicles/details?modelId=9&trimId=264
Faield to find the button 5
Faield to find the button http://dev.trihonda.pkt-tech.com/vehicles/details?modelId=10&trimId=265
Faield to find the button 6
Faield to find the button http://3.bp.blogspot.com/-eEsFu-Ge3xY/UONhpJaMUII/AAAAAAAAEn8/WYznibgDyH0/s640/The+End+3.jpg
Faield to find the button 6
]]></system-out>
  <system-err><![CDATA[Warning:  Property storage name for 5 is empty - setting to Root Entry
]]></system-err>
</testsuite>
